0 info it worked if it ends with ok
1 verbose cli [ '/usr/local/bin/node',
1 verbose cli   '/usr/local/bin/npm',
1 verbose cli   'run',
1 verbose cli   'build:dev' ]
2 info using npm@3.8.6
3 info using node@v5.12.0
4 verbose run-script [ 'prebuild:dev', 'build:dev', 'postbuild:dev' ]
5 info lifecycle demo-webpack@1.0.0~prebuild:dev: demo-webpack@1.0.0
6 silly lifecycle demo-webpack@1.0.0~prebuild:dev: no script for prebuild:dev, continuing
7 info lifecycle demo-webpack@1.0.0~build:dev: demo-webpack@1.0.0
8 verbose lifecycle demo-webpack@1.0.0~build:dev: unsafe-perm in lifecycle true
9 verbose lifecycle demo-webpack@1.0.0~build:dev: PATH: /usr/local/lib/node_modules/npm/bin/node-gyp-bin:/Users/Jesse/Desktop/react-demo/webpack2/node_modules/.bin:/usr/local/bin:/Users/Jesse/bin:/usr/local/bin:/Library/Frameworks/Python.framework/Versions/3.5/bin:/usr/local/bin:/usr/bin:/bin:/usr/sbin:/sbin:/usr/local/go/bin:/bin:/Users/Jesse/go/bin
10 verbose lifecycle demo-webpack@1.0.0~build:dev: CWD: /Users/Jesse/Desktop/react-demo/webpack2
11 silly lifecycle demo-webpack@1.0.0~build:dev: Args: [ '-c',
11 silly lifecycle   './node_modules/webpack/bin/webpack.j --config ./webpack.config.js -p -w' ]
12 info lifecycle demo-webpack@1.0.0~build:dev: Failed to exec build:dev script
13 verbose stack Error: demo-webpack@1.0.0 build:dev: `./node_modules/webpack/bin/webpack.j --config ./webpack.config.js -p -w`
13 verbose stack spawn ENOENT
13 verbose stack     at ChildProcess.<anonymous> (/usr/local/lib/node_modules/npm/lib/utils/spawn.js:17:16)
13 verbose stack     at emitTwo (events.js:100:13)
13 verbose stack     at ChildProcess.emit (events.js:185:7)
13 verbose stack     at maybeClose (internal/child_process.js:850:16)
13 verbose stack     at Process.ChildProcess._handle.onexit (internal/child_process.js:215:5)
14 verbose pkgid demo-webpack@1.0.0
15 verbose cwd /Users/Jesse/Desktop/react-demo/webpack2
16 error Darwin 15.3.0
17 error argv "/usr/local/bin/node" "/usr/local/bin/npm" "run" "build:dev"
18 error node v5.12.0
19 error npm  v3.8.6
20 error file sh
21 error code ELIFECYCLE
22 error errno ENOENT
23 error syscall spawn
24 error demo-webpack@1.0.0 build:dev: `./node_modules/webpack/bin/webpack.j --config ./webpack.config.js -p -w`
24 error spawn ENOENT
25 error Failed at the demo-webpack@1.0.0 build:dev script './node_modules/webpack/bin/webpack.j --config ./webpack.config.js -p -w'.
25 error Make sure you have the latest version of node.js and npm installed.
25 error If you do, this is most likely a problem with the demo-webpack package,
25 error not with npm itself.
25 error Tell the author that this fails on your system:
25 error     ./node_modules/webpack/bin/webpack.j --config ./webpack.config.js -p -w
25 error You can get information on how to open an issue for this project with:
25 error     npm bugs demo-webpack
25 error Or if that isn't available, you can get their info via:
25 error     npm owner ls demo-webpack
25 error There is likely additional logging output above.
26 verbose exit [ 1, true ]
